{"/app/src/core/Task.js": {"path":"/app/src/core/Task.js","statementMap":{"0":{"start":{"line":1,"column":23},"end":{"line":1,"column":38}},"1":{"start":{"line":5,"column":8},"end":{"line":7,"column":9}},"2":{"start":{"line":6,"column":12},"end":{"line":6,"column":72}},"3":{"start":{"line":8,"column":8},"end":{"line":10,"column":9}},"4":{"start":{"line":9,"column":12},"end":{"line":9,"column":81}},"5":{"start":{"line":12,"column":8},"end":{"line":12,"column":27}},"6":{"start":{"line":13,"column":8},"end":{"line":13,"column":31}},"7":{"start":{"line":14,"column":8},"end":{"line":14,"column":39}},"8":{"start":{"line":15,"column":8},"end":{"line":15,"column":37}},"9":{"start":{"line":17,"column":8},"end":{"line":27,"column":10}},"10":{"start":{"line":31,"column":0},"end":{"line":31,"column":22}}},"fnMap":{"0":{"name":"(anonymous_0)","decl":{"start":{"line":4,"column":4},"end":{"line":4,"column":5}},"loc":{"start":{"line":4,"column":145},"end":{"line":28,"column":5}},"line":4}},"branchMap":{"0":{"loc":{"start":{"line":4,"column":38},"end":{"line":4,"column":86}},"type":"default-arg","locations":[{"start":{"line":4,"column":51},"end":{"line":4,"column":86}}],"line":4},"1":{"loc":{"start":{"line":4,"column":88},"end":{"line":4,"column":124}},"type":"default-arg","locations":[{"start":{"line":4,"column":96},"end":{"line":4,"column":124}}],"line":4},"2":{"loc":{"start":{"line":4,"column":126},"end":{"line":4,"column":143}},"type":"default-arg","locations":[{"start":{"line":4,"column":139},"end":{"line":4,"column":143}}],"line":4},"3":{"loc":{"start":{"line":5,"column":8},"end":{"line":7,"column":9}},"type":"if","locations":[{"start":{"line":5,"column":8},"end":{"line":7,"column":9}},{"start":{},"end":{}}],"line":5},"4":{"loc":{"start":{"line":5,"column":12},"end":{"line":5,"column":63}},"type":"binary-expr","locations":[{"start":{"line":5,"column":12},"end":{"line":5,"column":39}},{"start":{"line":5,"column":43},"end":{"line":5,"column":63}}],"line":5},"5":{"loc":{"start":{"line":8,"column":8},"end":{"line":10,"column":9}},"type":"if","locations":[{"start":{"line":8,"column":8},"end":{"line":10,"column":9}},{"start":{},"end":{}}],"line":8}},"s":{"0":2,"1":25,"2":0,"3":25,"4":0,"5":25,"6":25,"7":25,"8":25,"9":25,"10":2},"f":{"0":25},"b":{"0":[19],"1":[23],"2":[23],"3":[0,25],"4":[25,25],"5":[0,25]},"_coverageSchema":"1a1c01bbd47fc00a2c39e90264f33305004495a9","hash":"f86a822c6389c3bf7a2b20f3e9dcf93a80a26776"}
,"/app/src/core/Term.js": {"path":"/app/src/core/Term.js","statementMap":{"0":{"start":{"line":3,"column":8},"end":{"line":5,"column":9}},"1":{"start":{"line":4,"column":12},"end":{"line":4,"column":68}},"2":{"start":{"line":6,"column":8},"end":{"line":8,"column":9}},"3":{"start":{"line":7,"column":12},"end":{"line":7,"column":64}},"4":{"start":{"line":9,"column":8},"end":{"line":11,"column":9}},"5":{"start":{"line":10,"column":12},"end":{"line":10,"column":74}},"6":{"start":{"line":13,"column":8},"end":{"line":13,"column":23}},"7":{"start":{"line":14,"column":8},"end":{"line":14,"column":55}},"8":{"start":{"line":15,"column":8},"end":{"line":15,"column":37}},"9":{"start":{"line":17,"column":8},"end":{"line":17,"column":28}},"10":{"start":{"line":21,"column":0},"end":{"line":21,"column":22}}},"fnMap":{"0":{"name":"(anonymous_0)","decl":{"start":{"line":2,"column":4},"end":{"line":2,"column":5}},"loc":{"start":{"line":2,"column":53},"end":{"line":18,"column":5}},"line":2}},"branchMap":{"0":{"loc":{"start":{"line":2,"column":21},"end":{"line":2,"column":35}},"type":"default-arg","locations":[{"start":{"line":2,"column":33},"end":{"line":2,"column":35}}],"line":2},"1":{"loc":{"start":{"line":2,"column":37},"end":{"line":2,"column":51}},"type":"default-arg","locations":[{"start":{"line":2,"column":50},"end":{"line":2,"column":51}}],"line":2},"2":{"loc":{"start":{"line":3,"column":8},"end":{"line":5,"column":9}},"type":"if","locations":[{"start":{"line":3,"column":8},"end":{"line":5,"column":9}},{"start":{},"end":{}}],"line":3},"3":{"loc":{"start":{"line":3,"column":12},"end":{"line":3,"column":55}},"type":"binary-expr","locations":[{"start":{"line":3,"column":12},"end":{"line":3,"column":35}},{"start":{"line":3,"column":39},"end":{"line":3,"column":55}}],"line":3},"4":{"loc":{"start":{"line":6,"column":8},"end":{"line":8,"column":9}},"type":"if","locations":[{"start":{"line":6,"column":8},"end":{"line":8,"column":9}},{"start":{},"end":{}}],"line":6},"5":{"loc":{"start":{"line":9,"column":8},"end":{"line":11,"column":9}},"type":"if","locations":[{"start":{"line":9,"column":8},"end":{"line":11,"column":9}},{"start":{},"end":{}}],"line":9},"6":{"loc":{"start":{"line":9,"column":12},"end":{"line":9,"column":61}},"type":"binary-expr","locations":[{"start":{"line":9,"column":12},"end":{"line":9,"column":42}},{"start":{"line":9,"column":46},"end":{"line":9,"column":61}}],"line":9}},"s":{"0":4,"1":0,"2":4,"3":0,"4":4,"5":0,"6":4,"7":4,"8":4,"9":4,"10":4},"f":{"0":4},"b":{"0":[0],"1":[0],"2":[0,4],"3":[4,4],"4":[0,4],"5":[0,4],"6":[4,4]},"_coverageSchema":"1a1c01bbd47fc00a2c39e90264f33305004495a9","hash":"fe3f5003982b5bf1cf2263df5c50cbdfc50b2121"}
,"/app/src/lm/LM.js": {"path":"/app/src/lm/LM.js","statementMap":{"0":{"start":{"line":1,"column":21},"end":{"line":1,"column":52}},"1":{"start":{"line":2,"column":13},"end":{"line":2,"column":36}},"2":{"start":{"line":6,"column":8},"end":{"line":6,"column":37}},"3":{"start":{"line":10,"column":8},"end":{"line":12,"column":9}},"4":{"start":{"line":11,"column":12},"end":{"line":11,"column":94}},"5":{"start":{"line":13,"column":8},"end":{"line":13,"column":37}},"6":{"start":{"line":17,"column":8},"end":{"line":19,"column":9}},"7":{"start":{"line":18,"column":12},"end":{"line":18,"column":67}},"8":{"start":{"line":21,"column":26},"end":{"line":21,"column":50}},"9":{"start":{"line":23,"column":23},"end":{"line":26,"column":10}},"10":{"start":{"line":28,"column":32},"end":{"line":28,"column":55}},"11":{"start":{"line":29,"column":27},"end":{"line":29,"column":84}},"12":{"start":{"line":29,"column":64},"end":{"line":29,"column":76}},"13":{"start":{"line":30,"column":8},"end":{"line":30,"column":62}},"14":{"start":{"line":34,"column":0},"end":{"line":34,"column":20}}},"fnMap":{"0":{"name":"(anonymous_0)","decl":{"start":{"line":5,"column":4},"end":{"line":5,"column":5}},"loc":{"start":{"line":5,"column":18},"end":{"line":7,"column":5}},"line":5},"1":{"name":"(anonymous_1)","decl":{"start":{"line":9,"column":4},"end":{"line":9,"column":5}},"loc":{"start":{"line":9,"column":18},"end":{"line":14,"column":5}},"line":9},"2":{"name":"(anonymous_2)","decl":{"start":{"line":16,"column":4},"end":{"line":16,"column":5}},"loc":{"start":{"line":16,"column":33},"end":{"line":31,"column":5}},"line":16},"3":{"name":"(anonymous_3)","decl":{"start":{"line":29,"column":59},"end":{"line":29,"column":60}},"loc":{"start":{"line":29,"column":64},"end":{"line":29,"column":76}},"line":29}},"branchMap":{"0":{"loc":{"start":{"line":10,"column":8},"end":{"line":12,"column":9}},"type":"if","locations":[{"start":{"line":10,"column":8},"end":{"line":12,"column":9}},{"start":{},"end":{}}],"line":10},"1":{"loc":{"start":{"line":17,"column":8},"end":{"line":19,"column":9}},"type":"if","locations":[{"start":{"line":17,"column":8},"end":{"line":19,"column":9}},{"start":{},"end":{}}],"line":17},"2":{"loc":{"start":{"line":17,"column":12},"end":{"line":17,"column":63}},"type":"binary-expr","locations":[{"start":{"line":17,"column":12},"end":{"line":17,"column":39}},{"start":{"line":17,"column":43},"end":{"line":17,"column":63}}],"line":17}},"s":{"0":2,"1":2,"2":0,"3":0,"4":0,"5":0,"6":0,"7":0,"8":0,"9":0,"10":0,"11":0,"12":0,"13":0,"14":2},"f":{"0":0,"1":0,"2":0,"3":0},"b":{"0":[0,0],"1":[0,0],"2":[0,0]},"_coverageSchema":"1a1c01bbd47fc00a2c39e90264f33305004495a9","hash":"85c6fbe5029496f693e7def9de22197aeb2db5e7"}
,"/app/src/memory/Memory.js": {"path":"/app/src/memory/Memory.js","statementMap":{"0":{"start":{"line":1,"column":13},"end":{"line":1,"column":36}},"1":{"start":{"line":2,"column":13},"end":{"line":2,"column":36}},"2":{"start":{"line":3,"column":11},"end":{"line":3,"column":30}},"3":{"start":{"line":4,"column":39},"end":{"line":4,"column":72}},"4":{"start":{"line":8,"column":8},"end":{"line":10,"column":9}},"5":{"start":{"line":9,"column":12},"end":{"line":9,"column":63}},"6":{"start":{"line":11,"column":8},"end":{"line":11,"column":21}},"7":{"start":{"line":12,"column":8},"end":{"line":12,"column":31}},"8":{"start":{"line":13,"column":8},"end":{"line":13,"column":31}},"9":{"start":{"line":14,"column":8},"end":{"line":14,"column":25}},"10":{"start":{"line":19,"column":8},"end":{"line":24,"column":9}},"11":{"start":{"line":20,"column":12},"end":{"line":23,"column":13}},"12":{"start":{"line":21,"column":29},"end":{"line":21,"column":70}},"13":{"start":{"line":22,"column":16},"end":{"line":22,"column":35}},"14":{"start":{"line":27,"column":8},"end":{"line":27,"column":42}},"15":{"start":{"line":30,"column":8},"end":{"line":30,"column":29}},"16":{"start":{"line":34,"column":8},"end":{"line":36,"column":9}},"17":{"start":{"line":35,"column":12},"end":{"line":35,"column":70}},"18":{"start":{"line":37,"column":8},"end":{"line":39,"column":9}},"19":{"start":{"line":38,"column":12},"end":{"line":38,"column":19}},"20":{"start":{"line":40,"column":8},"end":{"line":40,"column":39}},"21":{"start":{"line":44,"column":8},"end":{"line":44,"column":35}},"22":{"start":{"line":48,"column":27},"end":{"line":48,"column":65}},"23":{"start":{"line":49,"column":8},"end":{"line":54,"column":9}},"24":{"start":{"line":50,"column":12},"end":{"line":52,"column":13}},"25":{"start":{"line":51,"column":16},"end":{"line":51,"column":74}},"26":{"start":{"line":53,"column":12},"end":{"line":53,"column":42}},"27":{"start":{"line":58,"column":8},"end":{"line":58,"column":34}},"28":{"start":{"line":62,"column":8},"end":{"line":62,"column":47}},"29":{"start":{"line":66,"column":25},"end":{"line":66,"column":43}},"30":{"start":{"line":67,"column":8},"end":{"line":67,"column":69}},"31":{"start":{"line":67,"column":32},"end":{"line":67,"column":67}},"32":{"start":{"line":68,"column":8},"end":{"line":68,"column":36}},"33":{"start":{"line":72,"column":0},"end":{"line":72,"column":24}}},"fnMap":{"0":{"name":"(anonymous_0)","decl":{"start":{"line":7,"column":4},"end":{"line":7,"column":5}},"loc":{"start":{"line":7,"column":20},"end":{"line":15,"column":5}},"line":7},"1":{"name":"(anonymous_1)","decl":{"start":{"line":17,"column":4},"end":{"line":17,"column":5}},"loc":{"start":{"line":17,"column":17},"end":{"line":31,"column":5}},"line":17},"2":{"name":"(anonymous_2)","decl":{"start":{"line":33,"column":4},"end":{"line":33,"column":5}},"loc":{"start":{"line":33,"column":18},"end":{"line":41,"column":5}},"line":33},"3":{"name":"(anonymous_3)","decl":{"start":{"line":43,"column":4},"end":{"line":43,"column":5}},"loc":{"start":{"line":43,"column":17},"end":{"line":45,"column":5}},"line":43},"4":{"name":"(anonymous_4)","decl":{"start":{"line":47,"column":4},"end":{"line":47,"column":5}},"loc":{"start":{"line":47,"column":20},"end":{"line":55,"column":5}},"line":47},"5":{"name":"(anonymous_5)","decl":{"start":{"line":57,"column":4},"end":{"line":57,"column":5}},"loc":{"start":{"line":57,"column":16},"end":{"line":59,"column":5}},"line":57},"6":{"name":"(anonymous_6)","decl":{"start":{"line":61,"column":4},"end":{"line":61,"column":5}},"loc":{"start":{"line":61,"column":18},"end":{"line":63,"column":5}},"line":61},"7":{"name":"(anonymous_7)","decl":{"start":{"line":65,"column":4},"end":{"line":65,"column":5}},"loc":{"start":{"line":65,"column":36},"end":{"line":69,"column":5}},"line":65},"8":{"name":"(anonymous_8)","decl":{"start":{"line":67,"column":22},"end":{"line":67,"column":23}},"loc":{"start":{"line":67,"column":32},"end":{"line":67,"column":67}},"line":67}},"branchMap":{"0":{"loc":{"start":{"line":8,"column":8},"end":{"line":10,"column":9}},"type":"if","locations":[{"start":{"line":8,"column":8},"end":{"line":10,"column":9}},{"start":{},"end":{}}],"line":8},"1":{"loc":{"start":{"line":20,"column":12},"end":{"line":23,"column":13}},"type":"if","locations":[{"start":{"line":20,"column":12},"end":{"line":23,"column":13}},{"start":{},"end":{}}],"line":20},"2":{"loc":{"start":{"line":34,"column":8},"end":{"line":36,"column":9}},"type":"if","locations":[{"start":{"line":34,"column":8},"end":{"line":36,"column":9}},{"start":{},"end":{}}],"line":34},"3":{"loc":{"start":{"line":37,"column":8},"end":{"line":39,"column":9}},"type":"if","locations":[{"start":{"line":37,"column":8},"end":{"line":39,"column":9}},{"start":{},"end":{}}],"line":37},"4":{"loc":{"start":{"line":48,"column":27},"end":{"line":48,"column":65}},"type":"cond-expr","locations":[{"start":{"line":48,"column":50},"end":{"line":48,"column":55}},{"start":{"line":48,"column":58},"end":{"line":48,"column":65}}],"line":48},"5":{"loc":{"start":{"line":50,"column":12},"end":{"line":52,"column":13}},"type":"if","locations":[{"start":{"line":50,"column":12},"end":{"line":52,"column":13}},{"start":{},"end":{}}],"line":50},"6":{"loc":{"start":{"line":65,"column":28},"end":{"line":65,"column":34}},"type":"default-arg","locations":[{"start":{"line":65,"column":32},"end":{"line":65,"column":34}}],"line":65}},"s":{"0":2,"1":2,"2":2,"3":2,"4":6,"5":0,"6":6,"7":6,"8":6,"9":6,"10":0,"11":0,"12":0,"13":0,"14":0,"15":0,"16":4,"17":0,"18":4,"19":0,"20":4,"21":5,"22":3,"23":3,"24":7,"25":0,"26":7,"27":0,"28":3,"29":0,"30":0,"31":0,"32":0,"33":2},"f":{"0":6,"1":0,"2":4,"3":5,"4":3,"5":0,"6":3,"7":0,"8":0},"b":{"0":[0,6],"1":[0,0],"2":[0,4],"3":[0,4],"4":[3,0],"5":[0,7],"6":[0]},"_coverageSchema":"1a1c01bbd47fc00a2c39e90264f33305004495a9","hash":"6fda3a71e2f312c9991ae0926b339ae71143b6b6"}
,"/app/src/reasoner/NarseseParser.js": {"path":"/app/src/reasoner/NarseseParser.js","statementMap":{"0":{"start":{"line":1,"column":18},"end":{"line":8,"column":1}},"1":{"start":{"line":11,"column":4},"end":{"line":13,"column":5}},"2":{"start":{"line":12,"column":8},"end":{"line":12,"column":20}},"3":{"start":{"line":15,"column":4},"end":{"line":40,"column":5}},"4":{"start":{"line":16,"column":22},"end":{"line":16,"column":42}},"5":{"start":{"line":17,"column":8},"end":{"line":39,"column":9}},"6":{"start":{"line":18,"column":12},"end":{"line":38,"column":13}},"7":{"start":{"line":23,"column":20},"end":{"line":27,"column":22}},"8":{"start":{"line":29,"column":20},"end":{"line":32,"column":22}},"9":{"start":{"line":34,"column":20},"end":{"line":37,"column":22}},"10":{"start":{"line":36,"column":60},"end":{"line":36,"column":68}},"11":{"start":{"line":43,"column":4},"end":{"line":46,"column":6}},"12":{"start":{"line":49,"column":0},"end":{"line":49,"column":27}}},"fnMap":{"0":{"name":"parse","decl":{"start":{"line":10,"column":9},"end":{"line":10,"column":14}},"loc":{"start":{"line":10,"column":24},"end":{"line":47,"column":1}},"line":10},"1":{"name":"(anonymous_1)","decl":{"start":{"line":36,"column":55},"end":{"line":36,"column":56}},"loc":{"start":{"line":36,"column":60},"end":{"line":36,"column":68}},"line":36}},"branchMap":{"0":{"loc":{"start":{"line":11,"column":4},"end":{"line":13,"column":5}},"type":"if","locations":[{"start":{"line":11,"column":4},"end":{"line":13,"column":5}},{"start":{},"end":{}}],"line":11},"1":{"loc":{"start":{"line":17,"column":8},"end":{"line":39,"column":9}},"type":"if","locations":[{"start":{"line":17,"column":8},"end":{"line":39,"column":9}},{"start":{},"end":{}}],"line":17},"2":{"loc":{"start":{"line":18,"column":12},"end":{"line":38,"column":13}},"type":"switch","locations":[{"start":{"line":19,"column":16},"end":{"line":19,"column":35}},{"start":{"line":20,"column":16},"end":{"line":20,"column":35}},{"start":{"line":21,"column":16},"end":{"line":21,"column":32}},{"start":{"line":22,"column":16},"end":{"line":27,"column":22}},{"start":{"line":28,"column":16},"end":{"line":32,"column":22}},{"start":{"line":33,"column":16},"end":{"line":37,"column":22}}],"line":18}},"s":{"0":1,"1":11,"2":4,"3":7,"4":19,"5":19,"6":6,"7":3,"8":1,"9":2,"10":5,"11":1,"12":1},"f":{"0":11,"1":5},"b":{"0":[4,7],"1":[6,13],"2":[2,3,3,3,1,2]},"_coverageSchema":"1a1c01bbd47fc00a2c39e90264f33305004495a9","hash":"d564f39c7de1d0ef378e98ebae7ed36aaa372c90"}
,"/app/src/reasoner/Reasoner.js": {"path":"/app/src/reasoner/Reasoner.js","statementMap":{"0":{"start":{"line":1,"column":18},"end":{"line":1,"column":44}},"1":{"start":{"line":2,"column":13},"end":{"line":2,"column":36}},"2":{"start":{"line":4,"column":21},"end":{"line":4,"column":23}},"3":{"start":{"line":7,"column":4},"end":{"line":7,"column":28}},"4":{"start":{"line":11,"column":23},"end":{"line":11,"column":25}},"5":{"start":{"line":12,"column":4},"end":{"line":15,"column":5}},"6":{"start":{"line":13,"column":25},"end":{"line":13,"column":47}},"7":{"start":{"line":14,"column":8},"end":{"line":14,"column":53}},"8":{"start":{"line":16,"column":4},"end":{"line":16,"column":24}},"9":{"start":{"line":29,"column":20},"end":{"line":29,"column":22}},"10":{"start":{"line":30,"column":20},"end":{"line":30,"column":63}},"11":{"start":{"line":30,"column":41},"end":{"line":30,"column":62}},"12":{"start":{"line":31,"column":25},"end":{"line":31,"column":111}},"13":{"start":{"line":31,"column":46},"end":{"line":31,"column":110}},"14":{"start":{"line":33,"column":4},"end":{"line":55,"column":5}},"15":{"start":{"line":34,"column":26},"end":{"line":34,"column":44}},"16":{"start":{"line":35,"column":27},"end":{"line":35,"column":44}},"17":{"start":{"line":37,"column":28},"end":{"line":37,"column":71}},"18":{"start":{"line":37,"column":46},"end":{"line":37,"column":70}},"19":{"start":{"line":39,"column":8},"end":{"line":54,"column":9}},"20":{"start":{"line":40,"column":34},"end":{"line":40,"column":53}},"21":{"start":{"line":43,"column":12},"end":{"line":45,"column":13}},"22":{"start":{"line":43,"column":47},"end":{"line":43,"column":74}},"23":{"start":{"line":44,"column":16},"end":{"line":44,"column":25}},"24":{"start":{"line":48,"column":34},"end":{"line":48,"column":107}},"25":{"start":{"line":49,"column":29},"end":{"line":49,"column":74}},"26":{"start":{"line":51,"column":31},"end":{"line":51,"column":88}},"27":{"start":{"line":52,"column":28},"end":{"line":52,"column":108}},"28":{"start":{"line":53,"column":12},"end":{"line":53,"column":34}},"29":{"start":{"line":56,"column":4},"end":{"line":56,"column":19}},"30":{"start":{"line":71,"column":4},"end":{"line":71,"column":14}},"31":{"start":{"line":76,"column":0},"end":{"line":76,"column":24}},"32":{"start":{"line":77,"column":0},"end":{"line":77,"column":34}},"33":{"start":{"line":79,"column":0},"end":{"line":82,"column":2}}},"fnMap":{"0":{"name":"registerRule","decl":{"start":{"line":6,"column":9},"end":{"line":6,"column":21}},"loc":{"start":{"line":6,"column":28},"end":{"line":8,"column":1}},"line":6},"1":{"name":"performInference","decl":{"start":{"line":10,"column":9},"end":{"line":10,"column":25}},"loc":{"start":{"line":10,"column":44},"end":{"line":17,"column":1}},"line":10},"2":{"name":"deduction","decl":{"start":{"line":28,"column":9},"end":{"line":28,"column":18}},"loc":{"start":{"line":28,"column":37},"end":{"line":57,"column":1}},"line":28},"3":{"name":"(anonymous_3)","decl":{"start":{"line":30,"column":36},"end":{"line":30,"column":37}},"loc":{"start":{"line":30,"column":41},"end":{"line":30,"column":62}},"line":30},"4":{"name":"(anonymous_4)","decl":{"start":{"line":31,"column":41},"end":{"line":31,"column":42}},"loc":{"start":{"line":31,"column":46},"end":{"line":31,"column":110}},"line":31},"5":{"name":"(anonymous_5)","decl":{"start":{"line":37,"column":41},"end":{"line":37,"column":42}},"loc":{"start":{"line":37,"column":46},"end":{"line":37,"column":70}},"line":37},"6":{"name":"(anonymous_6)","decl":{"start":{"line":43,"column":42},"end":{"line":43,"column":43}},"loc":{"start":{"line":43,"column":47},"end":{"line":43,"column":74}},"line":43},"7":{"name":"detectContradiction","decl":{"start":{"line":67,"column":9},"end":{"line":67,"column":28}},"loc":{"start":{"line":67,"column":47},"end":{"line":72,"column":1}},"line":67}},"branchMap":{"0":{"loc":{"start":{"line":31,"column":46},"end":{"line":31,"column":110}},"type":"binary-expr","locations":[{"start":{"line":31,"column":46},"end":{"line":31,"column":67}},{"start":{"line":31,"column":71},"end":{"line":31,"column":110}}],"line":31},"1":{"loc":{"start":{"line":39,"column":8},"end":{"line":54,"column":9}},"type":"if","locations":[{"start":{"line":39,"column":8},"end":{"line":54,"column":9}},{"start":{},"end":{}}],"line":39},"2":{"loc":{"start":{"line":43,"column":12},"end":{"line":45,"column":13}},"type":"if","locations":[{"start":{"line":43,"column":12},"end":{"line":45,"column":13}},{"start":{},"end":{}}],"line":43}},"s":{"0":1,"1":1,"2":1,"3":2,"4":3,"5":3,"6":6,"7":6,"8":3,"9":3,"10":3,"11":6,"12":3,"13":6,"14":3,"15":3,"16":3,"17":3,"18":3,"19":3,"20":3,"21":3,"22":7,"23":1,"24":2,"25":2,"26":2,"27":2,"28":2,"29":3,"30":3,"31":1,"32":1,"33":1},"f":{"0":2,"1":3,"2":3,"3":6,"4":6,"5":3,"6":7,"7":3},"b":{"0":[6,6],"1":[3,0],"2":[1,2]},"_coverageSchema":"1a1c01bbd47fc00a2c39e90264f33305004495a9","hash":"0f2ef2bbab983fc13f36646aa585992318a1e32e"}
,"/app/src/system/Constitution.js": {"path":"/app/src/system/Constitution.js","statementMap":{"0":{"start":{"line":1,"column":13},"end":{"line":1,"column":36}},"1":{"start":{"line":3,"column":15},"end":{"line":8,"column":1}},"2":{"start":{"line":10,"column":20},"end":{"line":12,"column":1}},"3":{"start":{"line":14,"column":27},"end":{"line":17,"column":2}},"4":{"start":{"line":19,"column":0},"end":{"line":22,"column":2}}},"fnMap":{},"branchMap":{},"s":{"0":2,"1":2,"2":2,"3":2,"4":2},"f":{},"b":{},"_coverageSchema":"1a1c01bbd47fc00a2c39e90264f33305004495a9","hash":"69b03db737b329fbc0554c4deaaf808ee7634b63"}
,"/app/src/system/Priority.js": {"path":"/app/src/system/Priority.js","statementMap":{"0":{"start":{"line":2,"column":4},"end":{"line":4,"column":5}},"1":{"start":{"line":3,"column":8},"end":{"line":3,"column":17}},"2":{"start":{"line":6,"column":21},"end":{"line":6,"column":24}},"3":{"start":{"line":7,"column":16},"end":{"line":7,"column":19}},"4":{"start":{"line":8,"column":16},"end":{"line":8,"column":19}},"5":{"start":{"line":10,"column":4},"end":{"line":14,"column":5}},"6":{"start":{"line":10,"column":17},"end":{"line":10,"column":18}},"7":{"start":{"line":11,"column":8},"end":{"line":11,"column":40}},"8":{"start":{"line":12,"column":8},"end":{"line":12,"column":35}},"9":{"start":{"line":13,"column":8},"end":{"line":13,"column":35}},"10":{"start":{"line":16,"column":20},"end":{"line":16,"column":55}},"11":{"start":{"line":17,"column":4},"end":{"line":19,"column":5}},"12":{"start":{"line":18,"column":8},"end":{"line":18,"column":17}},"13":{"start":{"line":21,"column":4},"end":{"line":21,"column":32}},"14":{"start":{"line":25,"column":21},"end":{"line":25,"column":49}},"15":{"start":{"line":26,"column":4},"end":{"line":28,"column":5}},"16":{"start":{"line":27,"column":8},"end":{"line":27,"column":19}},"17":{"start":{"line":30,"column":24},"end":{"line":30,"column":26}},"18":{"start":{"line":32,"column":4},"end":{"line":40,"column":5}},"19":{"start":{"line":33,"column":26},"end":{"line":33,"column":59}},"20":{"start":{"line":34,"column":8},"end":{"line":39,"column":9}},"21":{"start":{"line":35,"column":31},"end":{"line":35,"column":88}},"22":{"start":{"line":36,"column":12},"end":{"line":38,"column":13}},"23":{"start":{"line":37,"column":16},"end":{"line":37,"column":43}},"24":{"start":{"line":43,"column":33},"end":{"line":43,"column":56}},"25":{"start":{"line":45,"column":4},"end":{"line":45,"column":32}},"26":{"start":{"line":48,"column":0},"end":{"line":51,"column":2}}},"fnMap":{"0":{"name":"cosineSimilarity","decl":{"start":{"line":1,"column":9},"end":{"line":1,"column":25}},"loc":{"start":{"line":1,"column":38},"end":{"line":22,"column":1}},"line":1},"1":{"name":"calculateImportance","decl":{"start":{"line":24,"column":9},"end":{"line":24,"column":28}},"loc":{"start":{"line":24,"column":43},"end":{"line":46,"column":1}},"line":24}},"branchMap":{"0":{"loc":{"start":{"line":2,"column":4},"end":{"line":4,"column":5}},"type":"if","locations":[{"start":{"line":2,"column":4},"end":{"line":4,"column":5}},{"start":{},"end":{}}],"line":2},"1":{"loc":{"start":{"line":2,"column":8},"end":{"line":2,"column":53}},"type":"binary-expr","locations":[{"start":{"line":2,"column":8},"end":{"line":2,"column":13}},{"start":{"line":2,"column":17},"end":{"line":2,"column":22}},{"start":{"line":2,"column":26},"end":{"line":2,"column":53}}],"line":2},"2":{"loc":{"start":{"line":17,"column":4},"end":{"line":19,"column":5}},"type":"if","locations":[{"start":{"line":17,"column":4},"end":{"line":19,"column":5}},{"start":{},"end":{}}],"line":17},"3":{"loc":{"start":{"line":26,"column":4},"end":{"line":28,"column":5}},"type":"if","locations":[{"start":{"line":26,"column":4},"end":{"line":28,"column":5}},{"start":{},"end":{}}],"line":26},"4":{"loc":{"start":{"line":26,"column":8},"end":{"line":26,"column":75}},"type":"binary-expr","locations":[{"start":{"line":26,"column":8},"end":{"line":26,"column":17}},{"start":{"line":26,"column":21},"end":{"line":26,"column":40}},{"start":{"line":26,"column":44},"end":{"line":26,"column":75}}],"line":26},"5":{"loc":{"start":{"line":34,"column":8},"end":{"line":39,"column":9}},"type":"if","locations":[{"start":{"line":34,"column":8},"end":{"line":39,"column":9}},{"start":{},"end":{}}],"line":34},"6":{"loc":{"start":{"line":34,"column":12},"end":{"line":34,"column":78}},"type":"binary-expr","locations":[{"start":{"line":34,"column":12},"end":{"line":34,"column":21}},{"start":{"line":34,"column":25},"end":{"line":34,"column":44}},{"start":{"line":34,"column":48},"end":{"line":34,"column":78}}],"line":34},"7":{"loc":{"start":{"line":36,"column":12},"end":{"line":38,"column":13}},"type":"if","locations":[{"start":{"line":36,"column":12},"end":{"line":38,"column":13}},{"start":{},"end":{}}],"line":36}},"s":{"0":6,"1":0,"2":6,"3":6,"4":6,"5":6,"6":6,"7":15,"8":15,"9":15,"10":6,"11":6,"12":1,"13":5,"14":3,"15":3,"16":1,"17":2,"18":2,"19":2,"20":2,"21":2,"22":2,"23":2,"24":2,"25":2,"26":1},"f":{"0":6,"1":3},"b":{"0":[0,6],"1":[6,6,6],"2":[1,5],"3":[1,2],"4":[3,2,2],"5":[2,0],"6":[2,2,2],"7":[2,0]},"_coverageSchema":"1a1c01bbd47fc00a2c39e90264f33305004495a9","hash":"839620ae1c725377ac63a54c1ccd5c371ea1bf71"}
}
