TN:
SF:src/core/Task.js
FN:4,(anonymous_0)
FNF:1
FNH:1
FNDA:25,(anonymous_0)
DA:1,2
DA:5,25
DA:6,0
DA:8,25
DA:9,0
DA:12,25
DA:13,25
DA:14,25
DA:15,25
DA:17,25
DA:31,2
LF:11
LH:9
BRDA:4,0,0,19
BRDA:4,1,0,23
BRDA:4,2,0,23
BRDA:5,3,0,0
BRDA:5,3,1,25
BRDA:5,4,0,25
BRDA:5,4,1,25
BRDA:8,5,0,0
BRDA:8,5,1,25
BRF:9
BRH:7
end_of_record
TN:
SF:src/core/Term.js
FN:2,(anonymous_0)
FNF:1
FNH:1
FNDA:4,(anonymous_0)
DA:3,4
DA:4,0
DA:6,4
DA:7,0
DA:9,4
DA:10,0
DA:13,4
DA:14,4
DA:15,4
DA:17,4
DA:21,4
LF:11
LH:8
BRDA:2,0,0,0
BRDA:2,1,0,0
BRDA:3,2,0,0
BRDA:3,2,1,4
BRDA:3,3,0,4
BRDA:3,3,1,4
BRDA:6,4,0,0
BRDA:6,4,1,4
BRDA:9,5,0,0
BRDA:9,5,1,4
BRDA:9,6,0,4
BRDA:9,6,1,4
BRF:12
BRH:7
end_of_record
TN:
SF:src/lm/LM.js
FN:5,(anonymous_0)
FN:9,(anonymous_1)
FN:16,(anonymous_2)
FN:29,(anonymous_3)
FNF:4
FNH:0
FNDA:0,(anonymous_0)
FNDA:0,(anonymous_1)
FNDA:0,(anonymous_2)
FNDA:0,(anonymous_3)
DA:1,2
DA:2,2
DA:6,0
DA:10,0
DA:11,0
DA:13,0
DA:17,0
DA:18,0
DA:21,0
DA:23,0
DA:28,0
DA:29,0
DA:30,0
DA:34,2
LF:14
LH:3
BRDA:10,0,0,0
BRDA:10,0,1,0
BRDA:17,1,0,0
BRDA:17,1,1,0
BRDA:17,2,0,0
BRDA:17,2,1,0
BRF:6
BRH:0
end_of_record
TN:
SF:src/memory/Memory.js
FN:7,(anonymous_0)
FN:17,(anonymous_1)
FN:33,(anonymous_2)
FN:43,(anonymous_3)
FN:47,(anonymous_4)
FN:57,(anonymous_5)
FN:61,(anonymous_6)
FN:65,(anonymous_7)
FN:67,(anonymous_8)
FNF:9
FNH:5
FNDA:6,(anonymous_0)
FNDA:0,(anonymous_1)
FNDA:4,(anonymous_2)
FNDA:5,(anonymous_3)
FNDA:3,(anonymous_4)
FNDA:0,(anonymous_5)
FNDA:3,(anonymous_6)
FNDA:0,(anonymous_7)
FNDA:0,(anonymous_8)
DA:1,2
DA:2,2
DA:3,2
DA:4,2
DA:8,6
DA:9,0
DA:11,6
DA:12,6
DA:13,6
DA:14,6
DA:19,0
DA:20,0
DA:21,0
DA:22,0
DA:27,0
DA:30,0
DA:34,4
DA:35,0
DA:37,4
DA:38,0
DA:40,4
DA:44,5
DA:48,3
DA:49,3
DA:50,7
DA:51,0
DA:53,7
DA:58,0
DA:62,3
DA:66,0
DA:67,0
DA:68,0
DA:72,2
LF:33
LH:19
BRDA:8,0,0,0
BRDA:8,0,1,6
BRDA:20,1,0,0
BRDA:20,1,1,0
BRDA:34,2,0,0
BRDA:34,2,1,4
BRDA:37,3,0,0
BRDA:37,3,1,4
BRDA:48,4,0,3
BRDA:48,4,1,0
BRDA:50,5,0,0
BRDA:50,5,1,7
BRDA:65,6,0,0
BRF:13
BRH:5
end_of_record
TN:
SF:src/reasoner/NarseseParser.js
FN:10,parse
FN:36,(anonymous_1)
FNF:2
FNH:2
FNDA:11,parse
FNDA:5,(anonymous_1)
DA:1,1
DA:11,11
DA:12,4
DA:15,7
DA:16,19
DA:17,19
DA:18,6
DA:23,3
DA:29,1
DA:34,2
DA:36,5
DA:43,1
DA:49,1
LF:13
LH:13
BRDA:11,0,0,4
BRDA:11,0,1,7
BRDA:17,1,0,6
BRDA:17,1,1,13
BRDA:18,2,0,2
BRDA:18,2,1,3
BRDA:18,2,2,3
BRDA:18,2,3,3
BRDA:18,2,4,1
BRDA:18,2,5,2
BRF:10
BRH:10
end_of_record
TN:
SF:src/reasoner/Reasoner.js
FN:6,registerRule
FN:10,performInference
FN:28,deduction
FN:30,(anonymous_3)
FN:31,(anonymous_4)
FN:37,(anonymous_5)
FN:43,(anonymous_6)
FN:67,detectContradiction
FNF:8
FNH:8
FNDA:2,registerRule
FNDA:3,performInference
FNDA:3,deduction
FNDA:6,(anonymous_3)
FNDA:6,(anonymous_4)
FNDA:3,(anonymous_5)
FNDA:7,(anonymous_6)
FNDA:3,detectContradiction
DA:1,1
DA:2,1
DA:4,1
DA:7,2
DA:11,3
DA:12,3
DA:13,6
DA:14,6
DA:16,3
DA:29,3
DA:30,6
DA:31,6
DA:33,3
DA:34,3
DA:35,3
DA:37,3
DA:39,3
DA:40,3
DA:43,7
DA:44,1
DA:48,2
DA:49,2
DA:51,2
DA:52,2
DA:53,2
DA:56,3
DA:71,3
DA:76,1
DA:77,1
DA:79,1
LF:30
LH:30
BRDA:31,0,0,6
BRDA:31,0,1,6
BRDA:39,1,0,3
BRDA:39,1,1,0
BRDA:43,2,0,1
BRDA:43,2,1,2
BRF:6
BRH:5
end_of_record
TN:
SF:src/system/Constitution.js
FNF:0
FNH:0
DA:1,2
DA:3,2
DA:10,2
DA:14,2
DA:19,2
LF:5
LH:5
BRF:0
BRH:0
end_of_record
TN:
SF:src/system/Priority.js
FN:1,cosineSimilarity
FN:24,calculateImportance
FNF:2
FNH:2
FNDA:6,cosineSimilarity
FNDA:3,calculateImportance
DA:2,6
DA:3,0
DA:6,6
DA:7,6
DA:8,6
DA:10,6
DA:11,15
DA:12,15
DA:13,15
DA:16,6
DA:17,6
DA:18,1
DA:21,5
DA:25,3
DA:26,3
DA:27,1
DA:30,2
DA:32,2
DA:33,2
DA:34,2
DA:35,2
DA:36,2
DA:37,2
DA:43,2
DA:45,2
DA:48,1
LF:26
LH:25
BRDA:2,0,0,0
BRDA:2,0,1,6
BRDA:2,1,0,6
BRDA:2,1,1,6
BRDA:2,1,2,6
BRDA:17,2,0,1
BRDA:17,2,1,5
BRDA:26,3,0,1
BRDA:26,3,1,2
BRDA:26,4,0,3
BRDA:26,4,1,2
BRDA:26,4,2,2
BRDA:34,5,0,2
BRDA:34,5,1,0
BRDA:34,6,0,2
BRDA:34,6,1,2
BRDA:34,6,2,2
BRDA:36,7,0,2
BRDA:36,7,1,0
BRF:19
BRH:16
end_of_record
